Arguments: 
  /Users/juanmanuelruiz/.nvm/versions/node/v8.10.0/bin/node /usr/local/Cellar/yarn/1.5.1_1/libexec/bin/yarn.js outdated

PATH: 
  /Users/juanmanuelruiz/.nvm/versions/node/v8.10.0/bin:/usr/bin:/bin:/usr/sbin:/sbin:/usr/local/share/npm/bin:/usr/local/bin:/usr/bin:/bin:/usr/sbin:/sbin:/Users/juanmanuelruiz/Software/apache-maven-3.5.0/bin

Yarn version: 
  1.5.1

Node version: 
  8.10.0

Platform: 
  darwin x64

npm manifest: 
  {
  	"name": "generator-basic-scaffolding",
  	"version": "0.1.1",
  	"description": "Default Yeoman generator for scaffolding out a very basicfront-end web app",
  	"main": "app/index.js",
  	"scripts": {
  		"lint": "./node_modules/.bin/eslint app/index.js",
  		"test": "./node_modules/.bin/jest tests"
  	},
  	"repository": {
  		"type": "git",
  		"url": "git+https://juanmaruiz@bitbucket.org/juanmaruiz/app-scaffolding-yeoman.git"
  	},
  	"keywords": [
  		"yeoman-generator",
  		"web",
  		"app",
  		"front-end"
  	],
  	"files": [
  		"app"
  	],
  	"author": {
  		"name": "JuanMa ruiz",
  		"email": "ruizjuanma@gmail.com",
  		"url": "http://www.juanmaruiz.es"
  	},
  	"license": "ISC",
  	"homepage": "https://bitbucket.org/juanmaruiz/app-scaffolding-yeoman#readme",
  	"dependencies": {
  		"chalk": "^2.1.0",
  		"yeoman-generator": "^2.0.1",
  		"yosay": "^2.0.1"
  	},
  	"engines": {
  		"node": ">=6.9.4",
  		"npm": ">=5.3.0"
  	},
  	"devDependencies": {
  		"eslint": "^4.8.0",
  		"eslint-config-google": "^0.9.1",
  		"jest": "^22.4.2",
  		"jest-cli": "^22.4.2",
  		"yeoman-assert": "^3.1.0",
  		"yeoman-test": "^1.7.0"
  	}
  }

yarn manifest: 
  No manifest

Lockfile: 
  No lockfile

Trace: 
  Error: No lockfile in this directory. Run `yarn install` to generate one.
      at new MessageError (/usr/local/Cellar/yarn/1.5.1_1/libexec/lib/cli.js:186:110)
      at /usr/local/Cellar/yarn/1.5.1_1/libexec/lib/cli.js:89389:13
      at <anonymous>
